c:\users\aniol\documents\mecanica\3d3d3d\release3\debug\vc140.pdb
c:\users\aniol\documents\mecanica\3d3d3d\release3\debug\vc140.idb
c:\users\aniol\documents\mecanica\3d3d3d\release3\debug\camera.obj
c:\users\aniol\documents\mecanica\3d3d3d\release3\debug\errormanagement.obj
c:\users\aniol\documents\mecanica\3d3d3d\release3\debug\ex06.01-main.obj
c:\users\aniol\documents\mecanica\3d3d3d\release3\debug\fpslimiter.obj
c:\users\aniol\documents\mecanica\3d3d3d\release3\debug\game.obj
c:\users\aniol\documents\mecanica\3d3d3d\release3\debug\geometry.obj
c:\users\aniol\documents\mecanica\3d3d3d\release3\debug\glslprogram.obj
c:\users\aniol\documents\mecanica\3d3d3d\release3\debug\inputmanager.obj
c:\users\aniol\documents\mecanica\3d3d3d\release3\debug\objectloader.obj
c:\users\aniol\documents\mecanica\3d3d3d\release3\debug\openglbuffers.obj
c:\users\aniol\documents\mecanica\3d3d3d\release3\debug\parserase.obj
c:\users\aniol\documents\mecanica\3d3d3d\release3\debug\particle.obj
c:\users\aniol\documents\mecanica\3d3d3d\release3\debug\window.obj
c:\users\aniol\documents\mecanica\3d3d3d\debug\release3.ilk
c:\users\aniol\documents\mecanica\3d3d3d\debug\release3.exe
c:\users\aniol\documents\mecanica\3d3d3d\debug\release3.pdb
c:\users\aniol\documents\mecanica\3d3d3d\release3\debug\release3.tlog\cl.command.1.tlog
c:\users\aniol\documents\mecanica\3d3d3d\release3\debug\release3.tlog\cl.read.1.tlog
c:\users\aniol\documents\mecanica\3d3d3d\release3\debug\release3.tlog\cl.write.1.tlog
c:\users\aniol\documents\mecanica\3d3d3d\release3\debug\release3.tlog\link.command.1.tlog
c:\users\aniol\documents\mecanica\3d3d3d\release3\debug\release3.tlog\link.read.1.tlog
c:\users\aniol\documents\mecanica\3d3d3d\release3\debug\release3.tlog\link.write.1.tlog
